[debug] [2020-07-07T12:16:26.950Z] ----------------------------------------------------------------------
[debug] [2020-07-07T12:16:26.953Z] Command:       C:\Program Files\nodejs\node.exe C:\Users\hp\AppData\Roaming\npm\node_modules\firebase-tools\lib\bin\firebase.js init
[debug] [2020-07-07T12:16:26.954Z] CLI Version:   8.2.0
[debug] [2020-07-07T12:16:26.954Z] Platform:      win32
[debug] [2020-07-07T12:16:26.954Z] Node Version:  v10.16.3
[debug] [2020-07-07T12:16:26.955Z] Time:          Tue Jul 07 2020 17:16:26 GMT+0500 (Pakistan Standard Time)
[debug] [2020-07-07T12:16:26.956Z] ----------------------------------------------------------------------
[debug] [2020-07-07T12:16:26.956Z] 
[debug] [2020-07-07T12:16:26.967Z] > command requires scopes: ["email","openid","https://www.googleapis.com/auth/cloudplatformprojects.readonly","https://www.googleapis.com/auth/firebase","https://www.googleapis.com/auth/cloud-platform"]
[debug] [2020-07-07T12:16:26.967Z] > authorizing via signed-in user
[info] 
     ######## #### ########  ######## ########     ###     ######  ########
     ##        ##  ##     ## ##       ##     ##  ##   ##  ##       ##
     ######    ##  ########  ######   ########  #########  ######  ######
     ##        ##  ##    ##  ##       ##     ## ##     ##       ## ##
     ##       #### ##     ## ######## ########  ##     ##  ######  ########

You're about to initialize a Firebase project in this directory:

  D:\SE\WEB\REACT\smart-brain-app

Before we get started, keep in mind:

  * You are initializing in an existing Firebase project directory

[info] 
=== Project Setup
[info] 
[info] First, let's associate this project directory with a Firebase project.
[info] You can create multiple project aliases by running firebase use --add, 
[info] but for now we'll just set up a default project.
[info] 
[info] i  .firebaserc already has a default project, using face-recognition-app-f6ee5.
[debug] [2020-07-07T12:16:39.561Z] >>> HTTP REQUEST GET https://firebase.googleapis.com/v1beta1/projects/face-recognition-app-f6ee5  
 
[debug] [2020-07-07T12:16:40.241Z] <<< HTTP RESPONSE 200 {"content-type":"application/json; charset=UTF-8","vary":"X-Origin, Referer, Origin,Accept-Encoding","date":"Tue, 07 Jul 2020 12:16:39 GMT","server":"ESF","cache-control":"private","x-xss-protection":"0","x-frame-options":"SAMEORIGIN","x-content-type-options":"nosniff","alt-svc":"h3-29=\":443\"; ma=2592000,h3-27=\":443\"; ma=2592000,h3-25=\":443\"; ma=2592000,h3-T050=\":443\"; ma=2592000,h3-Q050=\":443\"; ma=2592000,h3-Q046=\":443\"; ma=2592000,h3-Q043=\":443\"; ma=2592000,quic=\":443\"; ma=2592000; v=\"46,43\"","accept-ranges":"none","transfer-encoding":"chunked"}
[info] 
=== Hosting Setup
[info] 
[info] Your public directory is the folder (relative to your project directory) that
[info] will contain Hosting assets to be uploaded with firebase deploy. If you
[info] have a build process for your assets, use your build's output directory.
[info] 
